
=== Wed Apr 29 21:49:07 2020

Packages were changed.
Update Mode: mergeDefaultDependencies

The following packages were added:
  com.unity.package-manager-ui@2.2.0
  com.unity.ext.nunit@1.0.0
  com.unity.test-framework@1.0.13
  com.unity.ide.vscode@1.0.7
  com.unity.ide.rider@1.1.0
  com.unity.ugui@1.0.0
  com.unity.modules.androidjni@1.0.0
The following packages were updated:
  com.unity.collab-proxy from version 1.2.9 to 1.2.16
  com.unity.textmeshpro from version 2.0.0 to 2.0.1
  com.unity.timeline from version 0.0.0-builtin to 1.1.0

=== Wed Apr 29 22:31:07 2020

Packages were changed.
Update Mode: updateDependencies

The following packages were updated:
  com.unity.ide.rider from version 1.1.0 to 1.1.4
  com.unity.ide.vscode from version 1.0.7 to 1.2.0
  com.unity.test-framework from version 1.0.13 to 1.1.13
  com.unity.timeline from version 1.1.0 to 1.2.6
The following packages were removed:
  com.unity.package-manager-ui@2.2.0

=== Wed Apr 29 22:39:20 2020

Packages were changed.
Update Mode: mergeDefaultDependencies

The following packages were added:
  com.unity.barracuda@0.5.0-preview
  com.unity.cinemachine@2.5.0
  com.unity.connect.share@1.2.0-preview.1
  com.unity.learn.iet-framework@0.3.0-preview.5
  com.unity.postprocessing@2.3.0
  com.unity.probuilder@4.2.3
The following packages were updated:
  com.unity.timeline from version 1.2.6 to 1.2.14
